{"level":"error","time":"2025-04-29T21:38:44.479-0300","caller":"logger/logger.go:102","msg":"Failed to accept connection","error":"accept tcp [::]:8333: use of closed network connection","stacktrace":"github.com/youngchain/internal/logger.Error\n\t/home/moronibr/BYC/internal/logger/logger.go:102\ngithub.com/youngchain/internal/network.(*PeerManager).acceptLoop\n\t/home/moronibr/BYC/internal/network/manager.go:72"}
{"level":"error","time":"2025-04-29T21:40:17.272-0300","caller":"logger/logger.go:102","msg":"Failed to accept connection","error":"accept tcp [::]:8333: use of closed network connection","stacktrace":"github.com/youngchain/internal/logger.Error\n\t/home/moronibr/BYC/internal/logger/logger.go:102\ngithub.com/youngchain/internal/network.(*PeerManager).acceptLoop\n\t/home/moronibr/BYC/internal/network/manager.go:72"}
{"level":"error","time":"2025-04-29T21:41:37.217-0300","caller":"logger/logger.go:102","msg":"Failed to accept connection","error":"accept tcp [::]:8333: use of closed network connection","stacktrace":"github.com/youngchain/internal/logger.Error\n\t/home/moronibr/BYC/internal/logger/logger.go:102\ngithub.com/youngchain/internal/network.(*PeerManager).acceptLoop\n\t/home/moronibr/BYC/internal/network/manager.go:72"}
{"level":"error","time":"2025-05-06T20:43:47.634-0300","caller":"logger/logger.go:102","msg":"Failed to accept connection","error":"accept tcp [::]:8333: use of closed network connection","stacktrace":"github.com/youngchain/internal/logger.Error\n\t/home/moronibr/BYC/internal/logger/logger.go:102\ngithub.com/youngchain/internal/network.(*PeerManager).acceptLoop\n\t/home/moronibr/BYC/internal/network/manager.go:72"}
{"level":"info","time":"2025-05-13T22:02:44.080-0300","caller":"logger/logger.go:92","msg":"Running as miner..."}
{"level":"info","time":"2025-05-13T22:02:53.300-0300","caller":"logger/logger.go:92","msg":"Running as node..."}
{"level":"info","time":"2025-05-13T22:04:12.382-0300","caller":"logger/logger.go:92","msg":"Shutting down node..."}
{"level":"info","time":"2025-05-13T22:05:29.926-0300","caller":"logger/logger.go:92","msg":"Running as miner..."}
{"level":"info","time":"2025-05-13T22:06:37.943-0300","caller":"logger/logger.go:92","msg":"Running as miner..."}
{"level":"info","time":"2025-05-13T22:07:35.448-0300","caller":"logger/logger.go:92","msg":"Running as miner..."}
{"level":"info","time":"2025-05-13T22:08:49.506-0300","caller":"logger/logger.go:92","msg":"Running as miner..."}
{"level":"info","time":"2025-05-13T22:09:50.016-0300","caller":"logger/logger.go:92","msg":"Running as miner..."}
{"level":"info","time":"2025-05-13T22:10:56.622-0300","caller":"logger/logger.go:92","msg":"Running as miner..."}
{"level":"info","time":"2025-05-13T22:11:55.509-0300","caller":"logger/logger.go:92","msg":"Running as miner..."}
{"level":"info","time":"2025-05-13T22:12:56.583-0300","caller":"logger/logger.go:92","msg":"Running as miner..."}
{"level":"info","time":"2025-05-13T22:13:23.371-0300","caller":"logger/logger.go:92","msg":"Running as miner..."}
{"level":"info","time":"2025-05-13T22:14:09.118-0300","caller":"logger/logger.go:92","msg":"Running as miner..."}
{"level":"info","time":"2025-05-13T22:15:18.390-0300","caller":"logger/logger.go:92","msg":"Running as miner..."}
{"level":"info","time":"2025-05-13T22:16:28.786-0300","caller":"logger/logger.go:92","msg":"Running as miner..."}
{"level":"info","time":"2025-05-13T22:17:33.299-0300","caller":"logger/logger.go:92","msg":"Running as miner..."}
{"level":"info","time":"2025-05-13T22:19:38.378-0300","caller":"logger/logger.go:92","msg":"Running as miner..."}
{"level":"fatal","time":"2025-05-13T22:21:26.864-0300","caller":"logger/logger.go:107","msg":"Invalid choice","stacktrace":"github.com/youngchain/internal/logger.Fatal\n\t/home/moronibr/BYC/internal/logger/logger.go:107\nmain.main\n\t/home/moronibr/BYC/cmd/youngchain/main.go:123\nruntime.main\n\t/usr/local/go/src/runtime/proc.go:283"}
{"level":"info","time":"2025-05-13T22:21:43.466-0300","caller":"logger/logger.go:92","msg":"Running as miner..."}
{"level":"fatal","time":"2025-05-13T22:21:54.432-0300","caller":"logger/logger.go:107","msg":"Invalid choice","stacktrace":"github.com/youngchain/internal/logger.Fatal\n\t/home/moronibr/BYC/internal/logger/logger.go:107\nmain.main\n\t/home/moronibr/BYC/cmd/youngchain/main.go:123\nruntime.main\n\t/usr/local/go/src/runtime/proc.go:283"}
{"level":"info","time":"2025-05-13T22:22:05.593-0300","caller":"logger/logger.go:92","msg":"Running as miner..."}
{"level":"info","time":"2025-05-13T22:23:32.414-0300","caller":"logger/logger.go:92","msg":"Running as miner..."}
{"level":"info","time":"2025-05-13T22:23:51.622-0300","caller":"logger/logger.go:92","msg":"Running as node..."}
{"level":"info","time":"2025-05-13T22:23:54.064-0300","caller":"logger/logger.go:92","msg":"Shutting down node..."}
{"level":"info","time":"2025-05-13T22:23:58.647-0300","caller":"logger/logger.go:92","msg":"Running as miner..."}
{"level":"info","time":"2025-05-13T22:25:04.819-0300","caller":"logger/logger.go:92","msg":"Running as miner..."}
{"level":"info","time":"2025-05-13T22:26:18.078-0300","caller":"logger/logger.go:92","msg":"Running as miner..."}
{"level":"info","time":"2025-05-13T22:27:51.690-0300","caller":"logger/logger.go:92","msg":"Running as miner..."}
{"level":"info","time":"2025-05-13T22:28:21.962-0300","caller":"logger/logger.go:92","msg":"Running as miner..."}
{"level":"info","time":"2025-05-13T22:29:38.442-0300","caller":"logger/logger.go:92","msg":"Running as miner..."}
{"level":"info","time":"2025-05-13T22:32:47.317-0300","caller":"logger/logger.go:92","msg":"Running as miner..."}
{"level":"info","time":"2025-05-13T22:32:50.277-0300","caller":"logger/logger.go:92","msg":"Shutting down miner..."}
{"level":"info","time":"2025-05-13T22:33:04.140-0300","caller":"logger/logger.go:92","msg":"Running as miner..."}
{"level":"info","time":"2025-05-13T22:33:04.717-0300","caller":"logger/logger.go:92","msg":"Shutting down miner..."}
{"level":"info","time":"2025-05-13T22:33:33.858-0300","caller":"logger/logger.go:92","msg":"Running as miner..."}
{"level":"info","time":"2025-05-13T22:33:34.166-0300","caller":"logger/logger.go:92","msg":"Shutting down miner..."}
{"level":"info","time":"2025-05-13T22:34:33.452-0300","caller":"logger/logger.go:92","msg":"Running as miner..."}
{"level":"info","time":"2025-05-13T22:34:43.454-0300","caller":"logger/logger.go:92","msg":"Mining stats","hashrate":"0.00 H/s","blocks":0,"uptime":10}
{"level":"info","time":"2025-05-13T22:34:53.454-0300","caller":"logger/logger.go:92","msg":"Mining stats","hashrate":"0.00 H/s","blocks":0,"uptime":20}
{"level":"info","time":"2025-05-13T22:35:03.454-0300","caller":"logger/logger.go:92","msg":"Mining stats","hashrate":"0.00 H/s","blocks":0,"uptime":30}
{"level":"info","time":"2025-05-13T22:35:13.454-0300","caller":"logger/logger.go:92","msg":"Mining stats","hashrate":"0.00 H/s","blocks":0,"uptime":40}
{"level":"info","time":"2025-05-13T22:35:17.134-0300","caller":"logger/logger.go:92","msg":"Shutting down miner..."}
{"level":"info","time":"2025-05-13T22:35:48.797-0300","caller":"logger/logger.go:92","msg":"Running as miner..."}
{"level":"info","time":"2025-05-13T22:35:58.799-0300","caller":"logger/logger.go:92","msg":"Mining stats","hashrate":"0.00 H/s","blocks":0,"uptime":10}
{"level":"info","time":"2025-05-13T22:36:08.799-0300","caller":"logger/logger.go:92","msg":"Mining stats","hashrate":"0.00 H/s","blocks":0,"uptime":20}
{"level":"info","time":"2025-05-13T22:36:18.799-0300","caller":"logger/logger.go:92","msg":"Mining stats","hashrate":"0.00 H/s","blocks":0,"uptime":30}
{"level":"info","time":"2025-05-13T22:36:28.798-0300","caller":"logger/logger.go:92","msg":"Mining stats","hashrate":"0.00 H/s","blocks":0,"uptime":40}
{"level":"info","time":"2025-05-13T22:36:38.798-0300","caller":"logger/logger.go:92","msg":"Mining stats","hashrate":"0.00 H/s","blocks":0,"uptime":50}
{"level":"info","time":"2025-05-13T22:36:48.798-0300","caller":"logger/logger.go:92","msg":"Mining stats","hashrate":"0.00 H/s","blocks":0,"uptime":60}
{"level":"info","time":"2025-05-13T22:36:58.798-0300","caller":"logger/logger.go:92","msg":"Mining stats","hashrate":"0.00 H/s","blocks":0,"uptime":70}
{"level":"info","time":"2025-05-13T22:37:02.317-0300","caller":"logger/logger.go:92","msg":"Shutting down miner..."}
{"level":"info","time":"2025-05-13T22:38:19.117-0300","caller":"logger/logger.go:92","msg":"Running as miner..."}
{"level":"info","time":"2025-05-13T22:38:29.118-0300","caller":"logger/logger.go:92","msg":"Mining Statistics","status":"active","hash_rate":0,"hash_rate_unit":"H/s","blocks_mined":0,"total_hashes":0,"uptime":10,"mining_address":"miner_address"}
{"level":"info","time":"2025-05-13T22:38:37.742-0300","caller":"logger/logger.go:92","msg":"Shutting down miner..."}
{"level":"info","time":"2025-05-13T22:45:57.083-0300","caller":"logger/logger.go:92","msg":"Running as miner..."}
{"level":"info","time":"2025-05-13T22:46:07.084-0300","caller":"logger/logger.go:92","msg":"Mining Statistics","status":"active","hash_rate":0,"hash_rate_unit":"H/s","blocks_mined":0,"total_hashes":0,"uptime":10,"mining_address":"miner_address"}
{"level":"info","time":"2025-05-13T22:46:17.084-0300","caller":"logger/logger.go:92","msg":"Mining Statistics","status":"active","hash_rate":0,"hash_rate_unit":"H/s","blocks_mined":0,"total_hashes":0,"uptime":20,"mining_address":"miner_address"}
{"level":"info","time":"2025-05-13T22:46:27.085-0300","caller":"logger/logger.go:92","msg":"Mining Statistics","status":"active","hash_rate":0,"hash_rate_unit":"H/s","blocks_mined":0,"total_hashes":0,"uptime":30,"mining_address":"miner_address"}
{"level":"info","time":"2025-05-13T22:46:37.085-0300","caller":"logger/logger.go:92","msg":"Mining Statistics","status":"active","hash_rate":0,"hash_rate_unit":"H/s","blocks_mined":0,"total_hashes":0,"uptime":40,"mining_address":"miner_address"}
{"level":"info","time":"2025-05-13T22:46:47.084-0300","caller":"logger/logger.go:92","msg":"Mining Statistics","status":"active","hash_rate":0,"hash_rate_unit":"H/s","blocks_mined":0,"total_hashes":0,"uptime":50,"mining_address":"miner_address"}
{"level":"info","time":"2025-05-13T22:46:57.084-0300","caller":"logger/logger.go:92","msg":"Mining Statistics","status":"active","hash_rate":0,"hash_rate_unit":"H/s","blocks_mined":0,"total_hashes":0,"uptime":60,"mining_address":"miner_address"}
{"level":"info","time":"2025-05-13T22:47:07.084-0300","caller":"logger/logger.go:92","msg":"Mining Statistics","status":"active","hash_rate":0,"hash_rate_unit":"H/s","blocks_mined":0,"total_hashes":0,"uptime":70,"mining_address":"miner_address"}
{"level":"info","time":"2025-05-13T22:47:17.084-0300","caller":"logger/logger.go:92","msg":"Mining Statistics","status":"active","hash_rate":0,"hash_rate_unit":"H/s","blocks_mined":0,"total_hashes":0,"uptime":80,"mining_address":"miner_address"}
{"level":"info","time":"2025-05-13T22:47:27.084-0300","caller":"logger/logger.go:92","msg":"Mining Statistics","status":"active","hash_rate":0,"hash_rate_unit":"H/s","blocks_mined":0,"total_hashes":0,"uptime":90,"mining_address":"miner_address"}
{"level":"info","time":"2025-05-13T22:47:37.084-0300","caller":"logger/logger.go:92","msg":"Mining Statistics","status":"active","hash_rate":0,"hash_rate_unit":"H/s","blocks_mined":0,"total_hashes":0,"uptime":100,"mining_address":"miner_address"}
{"level":"info","time":"2025-05-13T22:47:47.084-0300","caller":"logger/logger.go:92","msg":"Mining Statistics","status":"active","hash_rate":0,"hash_rate_unit":"H/s","blocks_mined":0,"total_hashes":0,"uptime":110,"mining_address":"miner_address"}
{"level":"info","time":"2025-05-13T22:47:57.084-0300","caller":"logger/logger.go:92","msg":"Mining Statistics","status":"active","hash_rate":0,"hash_rate_unit":"H/s","blocks_mined":0,"total_hashes":0,"uptime":120,"mining_address":"miner_address"}
{"level":"info","time":"2025-05-13T22:48:07.084-0300","caller":"logger/logger.go:92","msg":"Mining Statistics","status":"active","hash_rate":0,"hash_rate_unit":"H/s","blocks_mined":0,"total_hashes":0,"uptime":130,"mining_address":"miner_address"}
{"level":"info","time":"2025-05-13T22:48:17.084-0300","caller":"logger/logger.go:92","msg":"Mining Statistics","status":"active","hash_rate":0,"hash_rate_unit":"H/s","blocks_mined":0,"total_hashes":0,"uptime":140,"mining_address":"miner_address"}
{"level":"info","time":"2025-05-13T22:48:27.085-0300","caller":"logger/logger.go:92","msg":"Mining Statistics","status":"active","hash_rate":0,"hash_rate_unit":"H/s","blocks_mined":0,"total_hashes":0,"uptime":150,"mining_address":"miner_address"}
{"level":"info","time":"2025-05-13T22:48:37.084-0300","caller":"logger/logger.go:92","msg":"Mining Statistics","status":"active","hash_rate":0,"hash_rate_unit":"H/s","blocks_mined":0,"total_hashes":0,"uptime":160,"mining_address":"miner_address"}
{"level":"info","time":"2025-05-13T22:48:47.084-0300","caller":"logger/logger.go:92","msg":"Mining Statistics","status":"active","hash_rate":0,"hash_rate_unit":"H/s","blocks_mined":0,"total_hashes":0,"uptime":170,"mining_address":"miner_address"}
{"level":"info","time":"2025-05-13T22:48:57.084-0300","caller":"logger/logger.go:92","msg":"Mining Statistics","status":"active","hash_rate":0,"hash_rate_unit":"H/s","blocks_mined":0,"total_hashes":0,"uptime":180,"mining_address":"miner_address"}
{"level":"info","time":"2025-05-13T22:49:07.084-0300","caller":"logger/logger.go:92","msg":"Mining Statistics","status":"active","hash_rate":0,"hash_rate_unit":"H/s","blocks_mined":0,"total_hashes":0,"uptime":190,"mining_address":"miner_address"}
{"level":"info","time":"2025-05-13T22:49:17.084-0300","caller":"logger/logger.go:92","msg":"Mining Statistics","status":"active","hash_rate":0,"hash_rate_unit":"H/s","blocks_mined":0,"total_hashes":0,"uptime":200,"mining_address":"miner_address"}
{"level":"info","time":"2025-05-13T22:49:27.084-0300","caller":"logger/logger.go:92","msg":"Mining Statistics","status":"active","hash_rate":0,"hash_rate_unit":"H/s","blocks_mined":0,"total_hashes":0,"uptime":210,"mining_address":"miner_address"}
{"level":"info","time":"2025-05-13T22:49:37.085-0300","caller":"logger/logger.go:92","msg":"Mining Statistics","status":"active","hash_rate":0,"hash_rate_unit":"H/s","blocks_mined":0,"total_hashes":0,"uptime":220,"mining_address":"miner_address"}
{"level":"info","time":"2025-05-13T22:49:47.085-0300","caller":"logger/logger.go:92","msg":"Mining Statistics","status":"active","hash_rate":0,"hash_rate_unit":"H/s","blocks_mined":0,"total_hashes":0,"uptime":230,"mining_address":"miner_address"}
{"level":"info","time":"2025-05-13T22:49:57.084-0300","caller":"logger/logger.go:92","msg":"Mining Statistics","status":"active","hash_rate":0,"hash_rate_unit":"H/s","blocks_mined":0,"total_hashes":0,"uptime":240,"mining_address":"miner_address"}
{"level":"info","time":"2025-05-13T22:50:07.084-0300","caller":"logger/logger.go:92","msg":"Mining Statistics","status":"active","hash_rate":0,"hash_rate_unit":"H/s","blocks_mined":0,"total_hashes":0,"uptime":250,"mining_address":"miner_address"}
{"level":"info","time":"2025-05-13T22:50:17.084-0300","caller":"logger/logger.go:92","msg":"Mining Statistics","status":"active","hash_rate":0,"hash_rate_unit":"H/s","blocks_mined":0,"total_hashes":0,"uptime":260,"mining_address":"miner_address"}
{"level":"info","time":"2025-05-13T22:50:27.084-0300","caller":"logger/logger.go:92","msg":"Mining Statistics","status":"active","hash_rate":0,"hash_rate_unit":"H/s","blocks_mined":0,"total_hashes":0,"uptime":270,"mining_address":"miner_address"}
{"level":"info","time":"2025-05-13T22:50:37.084-0300","caller":"logger/logger.go:92","msg":"Mining Statistics","status":"active","hash_rate":0,"hash_rate_unit":"H/s","blocks_mined":0,"total_hashes":0,"uptime":280,"mining_address":"miner_address"}
{"level":"info","time":"2025-05-13T22:50:47.085-0300","caller":"logger/logger.go:92","msg":"Mining Statistics","status":"active","hash_rate":0,"hash_rate_unit":"H/s","blocks_mined":0,"total_hashes":0,"uptime":290,"mining_address":"miner_address"}
{"level":"info","time":"2025-05-13T22:50:57.084-0300","caller":"logger/logger.go:92","msg":"Mining Statistics","status":"active","hash_rate":0,"hash_rate_unit":"H/s","blocks_mined":0,"total_hashes":0,"uptime":300,"mining_address":"miner_address"}
{"level":"info","time":"2025-05-13T22:51:07.084-0300","caller":"logger/logger.go:92","msg":"Mining Statistics","status":"active","hash_rate":0,"hash_rate_unit":"H/s","blocks_mined":0,"total_hashes":0,"uptime":310,"mining_address":"miner_address"}
{"level":"info","time":"2025-05-13T22:51:17.084-0300","caller":"logger/logger.go:92","msg":"Mining Statistics","status":"active","hash_rate":0,"hash_rate_unit":"H/s","blocks_mined":0,"total_hashes":0,"uptime":320,"mining_address":"miner_address"}
{"level":"info","time":"2025-05-13T22:51:27.084-0300","caller":"logger/logger.go:92","msg":"Mining Statistics","status":"active","hash_rate":0,"hash_rate_unit":"H/s","blocks_mined":0,"total_hashes":0,"uptime":330,"mining_address":"miner_address"}
{"level":"info","time":"2025-05-13T22:51:37.084-0300","caller":"logger/logger.go:92","msg":"Mining Statistics","status":"active","hash_rate":0,"hash_rate_unit":"H/s","blocks_mined":0,"total_hashes":0,"uptime":340,"mining_address":"miner_address"}
{"level":"info","time":"2025-05-13T22:51:47.084-0300","caller":"logger/logger.go:92","msg":"Mining Statistics","status":"active","hash_rate":0,"hash_rate_unit":"H/s","blocks_mined":0,"total_hashes":0,"uptime":350,"mining_address":"miner_address"}
{"level":"info","time":"2025-05-13T22:51:57.084-0300","caller":"logger/logger.go:92","msg":"Mining Statistics","status":"active","hash_rate":0,"hash_rate_unit":"H/s","blocks_mined":0,"total_hashes":0,"uptime":360,"mining_address":"miner_address"}
{"level":"info","time":"2025-05-13T22:52:07.084-0300","caller":"logger/logger.go:92","msg":"Mining Statistics","status":"active","hash_rate":0,"hash_rate_unit":"H/s","blocks_mined":0,"total_hashes":0,"uptime":370,"mining_address":"miner_address"}
{"level":"info","time":"2025-05-13T22:52:17.085-0300","caller":"logger/logger.go:92","msg":"Mining Statistics","status":"active","hash_rate":0,"hash_rate_unit":"H/s","blocks_mined":0,"total_hashes":0,"uptime":380,"mining_address":"miner_address"}
{"level":"info","time":"2025-05-13T22:52:27.085-0300","caller":"logger/logger.go:92","msg":"Mining Statistics","status":"active","hash_rate":0,"hash_rate_unit":"H/s","blocks_mined":0,"total_hashes":0,"uptime":390,"mining_address":"miner_address"}
{"level":"info","time":"2025-05-13T22:52:37.084-0300","caller":"logger/logger.go:92","msg":"Mining Statistics","status":"active","hash_rate":0,"hash_rate_unit":"H/s","blocks_mined":0,"total_hashes":0,"uptime":400,"mining_address":"miner_address"}
{"level":"info","time":"2025-05-13T22:52:47.084-0300","caller":"logger/logger.go:92","msg":"Mining Statistics","status":"active","hash_rate":0,"hash_rate_unit":"H/s","blocks_mined":0,"total_hashes":0,"uptime":410,"mining_address":"miner_address"}
{"level":"info","time":"2025-05-13T22:52:57.085-0300","caller":"logger/logger.go:92","msg":"Mining Statistics","status":"active","hash_rate":0,"hash_rate_unit":"H/s","blocks_mined":0,"total_hashes":0,"uptime":420,"mining_address":"miner_address"}
{"level":"info","time":"2025-05-13T22:53:07.084-0300","caller":"logger/logger.go:92","msg":"Mining Statistics","status":"active","hash_rate":0,"hash_rate_unit":"H/s","blocks_mined":0,"total_hashes":0,"uptime":430,"mining_address":"miner_address"}
{"level":"info","time":"2025-05-13T22:53:17.085-0300","caller":"logger/logger.go:92","msg":"Mining Statistics","status":"active","hash_rate":0,"hash_rate_unit":"H/s","blocks_mined":0,"total_hashes":0,"uptime":440,"mining_address":"miner_address"}
{"level":"info","time":"2025-05-13T22:53:27.084-0300","caller":"logger/logger.go:92","msg":"Mining Statistics","status":"active","hash_rate":0,"hash_rate_unit":"H/s","blocks_mined":0,"total_hashes":0,"uptime":450,"mining_address":"miner_address"}
{"level":"info","time":"2025-05-13T22:53:37.084-0300","caller":"logger/logger.go:92","msg":"Mining Statistics","status":"active","hash_rate":0,"hash_rate_unit":"H/s","blocks_mined":0,"total_hashes":0,"uptime":460,"mining_address":"miner_address"}
{"level":"info","time":"2025-05-13T22:53:47.084-0300","caller":"logger/logger.go:92","msg":"Mining Statistics","status":"active","hash_rate":0,"hash_rate_unit":"H/s","blocks_mined":0,"total_hashes":0,"uptime":470,"mining_address":"miner_address"}
{"level":"info","time":"2025-05-13T22:53:57.084-0300","caller":"logger/logger.go:92","msg":"Mining Statistics","status":"active","hash_rate":0,"hash_rate_unit":"H/s","blocks_mined":0,"total_hashes":0,"uptime":480,"mining_address":"miner_address"}
{"level":"info","time":"2025-05-13T22:54:07.084-0300","caller":"logger/logger.go:92","msg":"Mining Statistics","status":"active","hash_rate":0,"hash_rate_unit":"H/s","blocks_mined":0,"total_hashes":0,"uptime":490,"mining_address":"miner_address"}
{"level":"info","time":"2025-05-13T22:54:17.084-0300","caller":"logger/logger.go:92","msg":"Mining Statistics","status":"active","hash_rate":0,"hash_rate_unit":"H/s","blocks_mined":0,"total_hashes":0,"uptime":500,"mining_address":"miner_address"}
{"level":"info","time":"2025-05-13T22:54:27.085-0300","caller":"logger/logger.go:92","msg":"Mining Statistics","status":"active","hash_rate":0,"hash_rate_unit":"H/s","blocks_mined":0,"total_hashes":0,"uptime":510,"mining_address":"miner_address"}
{"level":"info","time":"2025-05-13T22:54:37.084-0300","caller":"logger/logger.go:92","msg":"Mining Statistics","status":"active","hash_rate":0,"hash_rate_unit":"H/s","blocks_mined":0,"total_hashes":0,"uptime":520,"mining_address":"miner_address"}
{"level":"info","time":"2025-05-13T22:54:47.084-0300","caller":"logger/logger.go:92","msg":"Mining Statistics","status":"active","hash_rate":0,"hash_rate_unit":"H/s","blocks_mined":0,"total_hashes":0,"uptime":530,"mining_address":"miner_address"}
{"level":"info","time":"2025-05-13T22:54:57.084-0300","caller":"logger/logger.go:92","msg":"Mining Statistics","status":"active","hash_rate":0,"hash_rate_unit":"H/s","blocks_mined":0,"total_hashes":0,"uptime":540,"mining_address":"miner_address"}
{"level":"info","time":"2025-05-13T22:55:07.084-0300","caller":"logger/logger.go:92","msg":"Mining Statistics","status":"active","hash_rate":0,"hash_rate_unit":"H/s","blocks_mined":0,"total_hashes":0,"uptime":550,"mining_address":"miner_address"}
{"level":"info","time":"2025-05-13T22:55:17.085-0300","caller":"logger/logger.go:92","msg":"Mining Statistics","status":"active","hash_rate":0,"hash_rate_unit":"H/s","blocks_mined":0,"total_hashes":0,"uptime":560,"mining_address":"miner_address"}
{"level":"info","time":"2025-05-13T22:55:27.085-0300","caller":"logger/logger.go:92","msg":"Mining Statistics","status":"active","hash_rate":0,"hash_rate_unit":"H/s","blocks_mined":0,"total_hashes":0,"uptime":570,"mining_address":"miner_address"}
{"level":"info","time":"2025-05-13T22:55:37.085-0300","caller":"logger/logger.go:92","msg":"Mining Statistics","status":"active","hash_rate":0,"hash_rate_unit":"H/s","blocks_mined":0,"total_hashes":0,"uptime":580,"mining_address":"miner_address"}
{"level":"info","time":"2025-05-13T22:55:47.084-0300","caller":"logger/logger.go:92","msg":"Mining Statistics","status":"active","hash_rate":0,"hash_rate_unit":"H/s","blocks_mined":0,"total_hashes":0,"uptime":590,"mining_address":"miner_address"}
{"level":"info","time":"2025-05-13T22:55:57.084-0300","caller":"logger/logger.go:92","msg":"Mining Statistics","status":"active","hash_rate":0,"hash_rate_unit":"H/s","blocks_mined":0,"total_hashes":0,"uptime":600,"mining_address":"miner_address"}
{"level":"info","time":"2025-05-13T22:56:07.085-0300","caller":"logger/logger.go:92","msg":"Mining Statistics","status":"active","hash_rate":0,"hash_rate_unit":"H/s","blocks_mined":0,"total_hashes":0,"uptime":610,"mining_address":"miner_address"}
{"level":"info","time":"2025-05-13T22:56:17.085-0300","caller":"logger/logger.go:92","msg":"Mining Statistics","status":"active","hash_rate":0,"hash_rate_unit":"H/s","blocks_mined":0,"total_hashes":0,"uptime":620,"mining_address":"miner_address"}
{"level":"info","time":"2025-05-13T22:56:27.084-0300","caller":"logger/logger.go:92","msg":"Mining Statistics","status":"active","hash_rate":0,"hash_rate_unit":"H/s","blocks_mined":0,"total_hashes":0,"uptime":630,"mining_address":"miner_address"}
{"level":"info","time":"2025-05-13T22:56:37.084-0300","caller":"logger/logger.go:92","msg":"Mining Statistics","status":"active","hash_rate":0,"hash_rate_unit":"H/s","blocks_mined":0,"total_hashes":0,"uptime":640,"mining_address":"miner_address"}
{"level":"info","time":"2025-05-13T22:56:47.084-0300","caller":"logger/logger.go:92","msg":"Mining Statistics","status":"active","hash_rate":0,"hash_rate_unit":"H/s","blocks_mined":0,"total_hashes":0,"uptime":650,"mining_address":"miner_address"}
{"level":"info","time":"2025-05-13T22:56:57.084-0300","caller":"logger/logger.go:92","msg":"Mining Statistics","status":"active","hash_rate":0,"hash_rate_unit":"H/s","blocks_mined":0,"total_hashes":0,"uptime":660,"mining_address":"miner_address"}
{"level":"info","time":"2025-05-13T22:57:07.085-0300","caller":"logger/logger.go:92","msg":"Mining Statistics","status":"active","hash_rate":0,"hash_rate_unit":"H/s","blocks_mined":0,"total_hashes":0,"uptime":670,"mining_address":"miner_address"}
{"level":"info","time":"2025-05-13T22:57:17.085-0300","caller":"logger/logger.go:92","msg":"Mining Statistics","status":"active","hash_rate":0,"hash_rate_unit":"H/s","blocks_mined":0,"total_hashes":0,"uptime":680,"mining_address":"miner_address"}
{"level":"info","time":"2025-05-13T22:57:27.084-0300","caller":"logger/logger.go:92","msg":"Mining Statistics","status":"active","hash_rate":0,"hash_rate_unit":"H/s","blocks_mined":0,"total_hashes":0,"uptime":690,"mining_address":"miner_address"}
{"level":"info","time":"2025-05-13T22:57:37.084-0300","caller":"logger/logger.go:92","msg":"Mining Statistics","status":"active","hash_rate":0,"hash_rate_unit":"H/s","blocks_mined":0,"total_hashes":0,"uptime":700,"mining_address":"miner_address"}
{"level":"info","time":"2025-05-13T22:57:47.084-0300","caller":"logger/logger.go:92","msg":"Mining Statistics","status":"active","hash_rate":0,"hash_rate_unit":"H/s","blocks_mined":0,"total_hashes":0,"uptime":710,"mining_address":"miner_address"}
{"level":"info","time":"2025-05-13T22:57:57.084-0300","caller":"logger/logger.go:92","msg":"Mining Statistics","status":"active","hash_rate":0,"hash_rate_unit":"H/s","blocks_mined":0,"total_hashes":0,"uptime":720,"mining_address":"miner_address"}
{"level":"info","time":"2025-05-13T22:58:07.085-0300","caller":"logger/logger.go:92","msg":"Mining Statistics","status":"active","hash_rate":0,"hash_rate_unit":"H/s","blocks_mined":0,"total_hashes":0,"uptime":730,"mining_address":"miner_address"}
{"level":"info","time":"2025-05-13T22:58:17.084-0300","caller":"logger/logger.go:92","msg":"Mining Statistics","status":"active","hash_rate":0,"hash_rate_unit":"H/s","blocks_mined":0,"total_hashes":0,"uptime":740,"mining_address":"miner_address"}
{"level":"info","time":"2025-05-13T22:58:27.084-0300","caller":"logger/logger.go:92","msg":"Mining Statistics","status":"active","hash_rate":0,"hash_rate_unit":"H/s","blocks_mined":0,"total_hashes":0,"uptime":750,"mining_address":"miner_address"}
{"level":"info","time":"2025-05-13T22:58:37.084-0300","caller":"logger/logger.go:92","msg":"Mining Statistics","status":"active","hash_rate":0,"hash_rate_unit":"H/s","blocks_mined":0,"total_hashes":0,"uptime":760,"mining_address":"miner_address"}
{"level":"info","time":"2025-05-13T22:58:47.084-0300","caller":"logger/logger.go:92","msg":"Mining Statistics","status":"active","hash_rate":0,"hash_rate_unit":"H/s","blocks_mined":0,"total_hashes":0,"uptime":770,"mining_address":"miner_address"}
{"level":"info","time":"2025-05-13T22:58:57.085-0300","caller":"logger/logger.go:92","msg":"Mining Statistics","status":"active","hash_rate":0,"hash_rate_unit":"H/s","blocks_mined":0,"total_hashes":0,"uptime":780,"mining_address":"miner_address"}
{"level":"info","time":"2025-05-13T22:59:07.085-0300","caller":"logger/logger.go:92","msg":"Mining Statistics","status":"active","hash_rate":0,"hash_rate_unit":"H/s","blocks_mined":0,"total_hashes":0,"uptime":790,"mining_address":"miner_address"}
{"level":"info","time":"2025-05-13T22:59:17.084-0300","caller":"logger/logger.go:92","msg":"Mining Statistics","status":"active","hash_rate":0,"hash_rate_unit":"H/s","blocks_mined":0,"total_hashes":0,"uptime":800,"mining_address":"miner_address"}
{"level":"info","time":"2025-05-13T22:59:26.309-0300","caller":"logger/logger.go:92","msg":"Shutting down miner..."}
{"level":"info","time":"2025-05-15T15:20:46.555-0300","caller":"logger/logger.go:92","msg":"Running as node..."}
{"level":"info","time":"2025-05-15T15:21:02.069-0300","caller":"logger/logger.go:92","msg":"Shutting down node..."}
{"level":"info","time":"2025-05-15T15:21:04.492-0300","caller":"logger/logger.go:92","msg":"Running as miner..."}
{"level":"info","time":"2025-05-15T15:21:14.496-0300","caller":"logger/logger.go:92","msg":"Mining Statistics","status":"active","hash_rate":0,"hash_rate_unit":"H/s","blocks_mined":0,"total_hashes":0,"uptime":10,"mining_address":"miner_address"}
{"level":"info","time":"2025-05-15T15:21:24.493-0300","caller":"logger/logger.go:92","msg":"Mining Statistics","status":"active","hash_rate":0,"hash_rate_unit":"H/s","blocks_mined":0,"total_hashes":0,"uptime":20,"mining_address":"miner_address"}
{"level":"info","time":"2025-05-15T15:21:29.323-0300","caller":"logger/logger.go:92","msg":"Shutting down miner..."}
